\BOOKMARK [0][-]{chapter.1}{\376\377\0001\000\040\000N\000a\000m\000e\000s\000p\000a\000c\000e\000\040\000I\000n\000d\000e\000x}{}% 1
\BOOKMARK [1][-]{section.1.1}{\376\377\0001\000.\0001\000\040\000N\000a\000m\000e\000s\000p\000a\000c\000e\000\040\000L\000i\000s\000t}{chapter.1}% 2
\BOOKMARK [0][-]{chapter.2}{\376\377\0002\000\040\000C\000l\000a\000s\000s\000\040\000I\000n\000d\000e\000x}{}% 3
\BOOKMARK [1][-]{section.2.1}{\376\377\0002\000.\0001\000\040\000C\000l\000a\000s\000s\000\040\000L\000i\000s\000t}{chapter.2}% 4
\BOOKMARK [0][-]{chapter.3}{\376\377\0003\000\040\000F\000i\000l\000e\000\040\000I\000n\000d\000e\000x}{}% 5
\BOOKMARK [1][-]{section.3.1}{\376\377\0003\000.\0001\000\040\000F\000i\000l\000e\000\040\000L\000i\000s\000t}{chapter.3}% 6
\BOOKMARK [0][-]{chapter.4}{\376\377\0004\000\040\000N\000a\000m\000e\000s\000p\000a\000c\000e\000\040\000D\000o\000c\000u\000m\000e\000n\000t\000a\000t\000i\000o\000n}{}% 7
\BOOKMARK [1][-]{section.4.1}{\376\377\0004\000.\0001\000\040\000C\000o\000n\000s\000u\000m\000e\000r\000\040\000N\000a\000m\000e\000s\000p\000a\000c\000e\000\040\000R\000e\000f\000e\000r\000e\000n\000c\000e}{chapter.4}% 8
\BOOKMARK [1][-]{section.4.2}{\376\377\0004\000.\0002\000\040\000D\000a\000t\000a\000I\000O\000\040\000N\000a\000m\000e\000s\000p\000a\000c\000e\000\040\000R\000e\000f\000e\000r\000e\000n\000c\000e}{chapter.4}% 9
\BOOKMARK [1][-]{section.4.3}{\376\377\0004\000.\0003\000\040\000d\000b\000f\000I\000n\000p\000u\000t\000S\000t\000a\000n\000e\000t\000\040\000N\000a\000m\000e\000s\000p\000a\000c\000e\000\040\000R\000e\000f\000e\000r\000e\000n\000c\000e}{chapter.4}% 10
\BOOKMARK [2][-]{subsection.4.3.1}{\376\377\0004\000.\0003\000.\0001\000\040\000F\000u\000n\000c\000t\000i\000o\000n\000\040\000D\000o\000c\000u\000m\000e\000n\000t\000a\000t\000i\000o\000n}{section.4.3}% 11
\BOOKMARK [3][-]{subsubsection.4.3.1.1}{\376\377\0004\000.\0003\000.\0001\000.\0001\000\040\000g\000e\000t\000H\000e\000a\000t\000E\000x\000c\000h\000a\000n\000g\000e\000r\000\050\000\051}{subsection.4.3.1}% 12
\BOOKMARK [3][-]{subsubsection.4.3.1.2}{\376\377\0004\000.\0003\000.\0001\000.\0002\000\040\000g\000e\000t\000N\000o\000d\000e\000\050\000\051}{subsection.4.3.1}% 13
\BOOKMARK [3][-]{subsubsection.4.3.1.3}{\376\377\0004\000.\0003\000.\0001\000.\0003\000\040\000g\000e\000t\000P\000i\000p\000e\000\050\000\051}{subsection.4.3.1}% 14
\BOOKMARK [2][-]{subsection.4.3.2}{\376\377\0004\000.\0003\000.\0002\000\040\000V\000a\000r\000i\000a\000b\000l\000e\000\040\000D\000o\000c\000u\000m\000e\000n\000t\000a\000t\000i\000o\000n}{section.4.3}% 15
\BOOKMARK [3][-]{subsubsection.4.3.2.1}{\376\377\0004\000.\0003\000.\0002\000.\0001\000\040\000u\000r\000l}{subsection.4.3.2}% 16
\BOOKMARK [1][-]{section.4.4}{\376\377\0004\000.\0004\000\040\000D\000i\000c\000t\000i\000o\000n\000a\000r\000y\000\040\000N\000a\000m\000e\000s\000p\000a\000c\000e\000\040\000R\000e\000f\000e\000r\000e\000n\000c\000e}{chapter.4}% 17
\BOOKMARK [2][-]{subsection.4.4.1}{\376\377\0004\000.\0004\000.\0001\000\040\000V\000a\000r\000i\000a\000b\000l\000e\000\040\000D\000o\000c\000u\000m\000e\000n\000t\000a\000t\000i\000o\000n}{section.4.4}% 18
\BOOKMARK [3][-]{subsubsection.4.4.1.1}{\376\377\0004\000.\0004\000.\0001\000.\0001\000\040\000H\000e\000a\000t\000G\000r\000i\000d\000\137\000n\000o\000d\000e\000\137\000d\000t\000y\000p\000e}{subsection.4.4.1}% 19
\BOOKMARK [3][-]{subsubsection.4.4.1.2}{\376\377\0004\000.\0004\000.\0001\000.\0002\000\040\000H\000e\000a\000t\000G\000r\000i\000d\000\137\000p\000i\000p\000e\000\137\000d\000t\000y\000p\000e}{subsection.4.4.1}% 20
\BOOKMARK [3][-]{subsubsection.4.4.1.3}{\376\377\0004\000.\0004\000.\0001\000.\0003\000\040\000H\000e\000a\000t\000G\000r\000i\000d\000\137\000p\000u\000m\000p\000\137\000d\000t\000y\000p\000e}{subsection.4.4.1}% 21
\BOOKMARK [3][-]{subsubsection.4.4.1.4}{\376\377\0004\000.\0004\000.\0001\000.\0004\000\040\000H\000e\000a\000t\000G\000r\000i\000d\000\137\000S\000T\000A\000N\000E\000T\000\137\000n\000o\000d\000e\000s\000\137\000a\000l\000l\000o\000c\000a\000t\000i\000o\000n}{subsection.4.4.1}% 22
\BOOKMARK [3][-]{subsubsection.4.4.1.5}{\376\377\0004\000.\0004\000.\0001\000.\0005\000\040\000H\000e\000a\000t\000G\000r\000i\000d\000\137\000S\000T\000A\000N\000E\000T\000\137\000p\000i\000p\000e\000s\000\137\000a\000l\000l\000o\000c\000a\000t\000i\000o\000n}{subsection.4.4.1}% 23
\BOOKMARK [3][-]{subsubsection.4.4.1.6}{\376\377\0004\000.\0004\000.\0001\000.\0006\000\040\000H\000e\000a\000t\000S\000i\000n\000k\000\137\000c\000o\000n\000s\000u\000m\000e\000r\000\137\000d\000t\000y\000p\000e}{subsection.4.4.1}% 24
\BOOKMARK [3][-]{subsubsection.4.4.1.7}{\376\377\0004\000.\0004\000.\0001\000.\0007\000\040\000H\000e\000a\000t\000S\000i\000n\000k\000\137\000S\000T\000A\000N\000E\000T\000\137\000c\000o\000n\000s\000u\000m\000e\000r\000\137\000a\000l\000l\000o\000c\000a\000t\000i\000o\000n}{subsection.4.4.1}% 25
\BOOKMARK [3][-]{subsubsection.4.4.1.8}{\376\377\0004\000.\0004\000.\0001\000.\0008\000\040\000H\000e\000a\000t\000S\000o\000u\000r\000c\000e\000\137\000p\000r\000o\000d\000u\000c\000e\000r\000\137\000d\000t\000y\000p\000e}{subsection.4.4.1}% 26
\BOOKMARK [3][-]{subsubsection.4.4.1.9}{\376\377\0004\000.\0004\000.\0001\000.\0009\000\040\000H\000e\000a\000t\000S\000o\000u\000r\000c\000e\000\137\000S\000T\000A\000N\000E\000T\000\137\000p\000r\000o\000d\000u\000c\000e\000r\000\137\000a\000l\000l\000o\000c\000a\000t\000i\000o\000n}{subsection.4.4.1}% 27
\BOOKMARK [3][-]{subsubsection.4.4.1.10}{\376\377\0004\000.\0004\000.\0001\000.\0001\0000\000\040\000P\000u\000m\000p\000\137\000S\000T\000A\000N\000E\000T\000\137\000c\000o\000n\000s\000u\000m\000e\000r\000\137\000a\000l\000l\000o\000c\000a\000t\000i\000o\000n}{subsection.4.4.1}% 28
\BOOKMARK [3][-]{subsubsection.4.4.1.11}{\376\377\0004\000.\0004\000.\0001\000.\0001\0001\000\040\000S\000T\000A\000N\000E\000T\000\137\000c\000o\000n\000s\000u\000m\000e\000r}{subsection.4.4.1}% 29
\BOOKMARK [3][-]{subsubsection.4.4.1.12}{\376\377\0004\000.\0004\000.\0001\000.\0001\0002\000\040\000S\000T\000A\000N\000E\000T\000\137\000n\000o\000d\000e\000s}{subsection.4.4.1}% 30
\BOOKMARK [3][-]{subsubsection.4.4.1.13}{\376\377\0004\000.\0004\000.\0001\000.\0001\0003\000\040\000S\000T\000A\000N\000E\000T\000\137\000p\000i\000p\000e\000s}{subsection.4.4.1}% 31
\BOOKMARK [3][-]{subsubsection.4.4.1.14}{\376\377\0004\000.\0004\000.\0001\000.\0001\0004\000\040\000S\000T\000A\000N\000E\000T\000\137\000p\000r\000o\000d\000u\000c\000e\000r}{subsection.4.4.1}% 32
\BOOKMARK [1][-]{section.4.5}{\376\377\0004\000.\0005\000\040\000D\000i\000s\000t\000r\000i\000c\000t\000H\000e\000a\000t\000i\000n\000g\000S\000y\000s\000t\000e\000m\000\040\000N\000a\000m\000e\000s\000p\000a\000c\000e\000\040\000R\000e\000f\000e\000r\000e\000n\000c\000e}{chapter.4}% 33
\BOOKMARK [1][-]{section.4.6}{\376\377\0004\000.\0006\000\040\000f\000u\000n\000c\000t\000i\000o\000n\000\040\000N\000a\000m\000e\000s\000p\000a\000c\000e\000\040\000R\000e\000f\000e\000r\000e\000n\000c\000e}{chapter.4}% 34
\BOOKMARK [2][-]{subsection.4.6.1}{\376\377\0004\000.\0006\000.\0001\000\040\000F\000u\000n\000c\000t\000i\000o\000n\000\040\000D\000o\000c\000u\000m\000e\000n\000t\000a\000t\000i\000o\000n}{section.4.6}% 35
\BOOKMARK [3][-]{subsubsection.4.6.1.1}{\376\377\0004\000.\0006\000.\0001\000.\0001\000\040\000i\000n\000z\000i\000d\000e\000n\000z\000m\000a\000t\000r\000i\000x\000\137\000n\000o\000d\000e\000P\000i\000p\000e\000\137\000V\000L\000\050\000\051}{subsection.4.6.1}% 36
\BOOKMARK [1][-]{section.4.7}{\376\377\0004\000.\0007\000\040\000H\000e\000a\000t\000E\000x\000c\000h\000a\000n\000g\000e\000r\000\040\000N\000a\000m\000e\000s\000p\000a\000c\000e\000\040\000R\000e\000f\000e\000r\000e\000n\000c\000e}{chapter.4}% 37
\BOOKMARK [1][-]{section.4.8}{\376\377\0004\000.\0008\000\040\000H\000e\000a\000t\000G\000r\000i\000d\000\040\000N\000a\000m\000e\000s\000p\000a\000c\000e\000\040\000R\000e\000f\000e\000r\000e\000n\000c\000e}{chapter.4}% 38
\BOOKMARK [1][-]{section.4.9}{\376\377\0004\000.\0009\000\040\000H\000e\000a\000t\000S\000i\000n\000k\000\040\000N\000a\000m\000e\000s\000p\000a\000c\000e\000\040\000R\000e\000f\000e\000r\000e\000n\000c\000e}{chapter.4}% 39
\BOOKMARK [1][-]{section.4.10}{\376\377\0004\000.\0001\0000\000\040\000H\000e\000a\000t\000S\000i\000n\000k\000\137\000C\000o\000n\000s\000u\000m\000p\000t\000i\000o\000n\000p\000r\000o\000f\000i\000l\000e\000s\000\040\000N\000a\000m\000e\000s\000p\000a\000c\000e\000\040\000R\000e\000f\000e\000r\000e\000n\000c\000e}{chapter.4}% 40
\BOOKMARK [1][-]{section.4.11}{\376\377\0004\000.\0001\0001\000\040\000H\000e\000a\000t\000S\000o\000u\000r\000c\000e\000\040\000N\000a\000m\000e\000s\000p\000a\000c\000e\000\040\000R\000e\000f\000e\000r\000e\000n\000c\000e}{chapter.4}% 41
\BOOKMARK [1][-]{section.4.12}{\376\377\0004\000.\0001\0002\000\040\000i\000m\000p\000o\000r\000t\000D\000B\000F\000f\000r\000o\000m\000S\000T\000A\000N\000E\000T\000\040\000N\000a\000m\000e\000s\000p\000a\000c\000e\000\040\000R\000e\000f\000e\000r\000e\000n\000c\000e}{chapter.4}% 42
\BOOKMARK [2][-]{subsection.4.12.1}{\376\377\0004\000.\0001\0002\000.\0001\000\040\000F\000u\000n\000c\000t\000i\000o\000n\000\040\000D\000o\000c\000u\000m\000e\000n\000t\000a\000t\000i\000o\000n}{section.4.12}% 43
\BOOKMARK [3][-]{subsubsection.4.12.1.1}{\376\377\0004\000.\0001\0002\000.\0001\000.\0001\000\040\000g\000e\000t\000H\000e\000a\000t\000E\000x\000c\000h\000a\000n\000g\000e\000r\000\050\000\051}{subsection.4.12.1}% 44
\BOOKMARK [3][-]{subsubsection.4.12.1.2}{\376\377\0004\000.\0001\0002\000.\0001\000.\0002\000\040\000g\000e\000t\000N\000o\000d\000e\000\050\000\051}{subsection.4.12.1}% 45
\BOOKMARK [3][-]{subsubsection.4.12.1.3}{\376\377\0004\000.\0001\0002\000.\0001\000.\0003\000\040\000g\000e\000t\000P\000i\000p\000e\000\050\000\051}{subsection.4.12.1}% 46
\BOOKMARK [2][-]{subsection.4.12.2}{\376\377\0004\000.\0001\0002\000.\0002\000\040\000V\000a\000r\000i\000a\000b\000l\000e\000\040\000D\000o\000c\000u\000m\000e\000n\000t\000a\000t\000i\000o\000n}{section.4.12}% 47
\BOOKMARK [3][-]{subsubsection.4.12.2.1}{\376\377\0004\000.\0001\0002\000.\0002\000.\0001\000\040\000u\000r\000l}{subsection.4.12.2}% 48
\BOOKMARK [1][-]{section.4.13}{\376\377\0004\000.\0001\0003\000\040\000i\000n\000z\000i\000d\000e\000n\000z\000m\000a\000t\000r\000i\000x\000\040\000N\000a\000m\000e\000s\000p\000a\000c\000e\000\040\000R\000e\000f\000e\000r\000e\000n\000c\000e}{chapter.4}% 49
\BOOKMARK [2][-]{subsection.4.13.1}{\376\377\0004\000.\0001\0003\000.\0001\000\040\000F\000u\000n\000c\000t\000i\000o\000n\000\040\000D\000o\000c\000u\000m\000e\000n\000t\000a\000t\000i\000o\000n}{section.4.13}% 50
\BOOKMARK [3][-]{subsubsection.4.13.1.1}{\376\377\0004\000.\0001\0003\000.\0001\000.\0001\000\040\000i\000n\000z\000i\000d\000e\000n\000z\000m\000a\000t\000r\000i\000x\000\050\000\051}{subsection.4.13.1}% 51
\BOOKMARK [1][-]{section.4.14}{\376\377\0004\000.\0001\0004\000\040\000M\000a\000i\000n\000\040\000N\000a\000m\000e\000s\000p\000a\000c\000e\000\040\000R\000e\000f\000e\000r\000e\000n\000c\000e}{chapter.4}% 52
\BOOKMARK [2][-]{subsection.4.14.1}{\376\377\0004\000.\0001\0004\000.\0001\000\040\000V\000a\000r\000i\000a\000b\000l\000e\000\040\000D\000o\000c\000u\000m\000e\000n\000t\000a\000t\000i\000o\000n}{section.4.14}% 53
\BOOKMARK [3][-]{subsubsection.4.14.1.1}{\376\377\0004\000.\0001\0004\000.\0001\000.\0001\000\040\000D\000a\000t\000a\000I\000O}{subsection.4.14.1}% 54
\BOOKMARK [3][-]{subsubsection.4.14.1.2}{\376\377\0004\000.\0001\0004\000.\0001\000.\0002\000\040\000D\000H\000S\0001}{subsection.4.14.1}% 55
\BOOKMARK [3][-]{subsubsection.4.14.1.3}{\376\377\0004\000.\0001\0004\000.\0001\000.\0003\000\040\000h\000e\000a\000t\000g\000r\000i\000d\000\137\000n\000o\000d\000e\000s}{subsection.4.14.1}% 56
\BOOKMARK [3][-]{subsubsection.4.14.1.4}{\376\377\0004\000.\0001\0004\000.\0001\000.\0004\000\040\000h\000e\000a\000t\000g\000r\000i\000d\000\137\000p\000i\000p\000e\000s}{subsection.4.14.1}% 57
\BOOKMARK [3][-]{subsubsection.4.14.1.5}{\376\377\0004\000.\0001\0004\000.\0001\000.\0005\000\040\000h\000e\000a\000t\000s\000i\000n\000k}{subsection.4.14.1}% 58
\BOOKMARK [3][-]{subsubsection.4.14.1.6}{\376\377\0004\000.\0001\0004\000.\0001\000.\0006\000\040\000h\000e\000a\000t\000s\000o\000u\000r\000c\000e}{subsection.4.14.1}% 59
\BOOKMARK [1][-]{section.4.15}{\376\377\0004\000.\0001\0005\000\040\000N\000o\000d\000e\000\040\000N\000a\000m\000e\000s\000p\000a\000c\000e\000\040\000R\000e\000f\000e\000r\000e\000n\000c\000e}{chapter.4}% 60
\BOOKMARK [1][-]{section.4.16}{\376\377\0004\000.\0001\0006\000\040\000P\000i\000p\000e\000\040\000N\000a\000m\000e\000s\000p\000a\000c\000e\000\040\000R\000e\000f\000e\000r\000e\000n\000c\000e}{chapter.4}% 61
\BOOKMARK [1][-]{section.4.17}{\376\377\0004\000.\0001\0007\000\040\000P\000r\000o\000d\000u\000c\000e\000r\000\040\000N\000a\000m\000e\000s\000p\000a\000c\000e\000\040\000R\000e\000f\000e\000r\000e\000n\000c\000e}{chapter.4}% 62
\BOOKMARK [1][-]{section.4.18}{\376\377\0004\000.\0001\0008\000\040\000P\000u\000m\000p\000\040\000N\000a\000m\000e\000s\000p\000a\000c\000e\000\040\000R\000e\000f\000e\000r\000e\000n\000c\000e}{chapter.4}% 63
\BOOKMARK [1][-]{section.4.19}{\376\377\0004\000.\0001\0009\000\040\000S\000T\000A\000N\000E\000T\000\137\000D\000B\000F\000t\000o\000C\000l\000a\000s\000s\000\040\000N\000a\000m\000e\000s\000p\000a\000c\000e\000\040\000R\000e\000f\000e\000r\000e\000n\000c\000e}{chapter.4}% 64
\BOOKMARK [2][-]{subsection.4.19.1}{\376\377\0004\000.\0001\0009\000.\0001\000\040\000F\000u\000n\000c\000t\000i\000o\000n\000\040\000D\000o\000c\000u\000m\000e\000n\000t\000a\000t\000i\000o\000n}{section.4.19}% 65
\BOOKMARK [3][-]{subsubsection.4.19.1.1}{\376\377\0004\000.\0001\0009\000.\0001\000.\0001\000\040\000D\000B\000F\000\137\000k\000n\000o\000t\000P\000i\000p\000e\000s\000T\000o\000C\000l\000a\000s\000s\000N\000e\000t\000w\000o\000r\000k\000\050\000\051}{subsection.4.19.1}% 66
\BOOKMARK [1][-]{section.4.20}{\376\377\0004\000.\0002\0000\000\040\000t\000e\000s\000t\000\040\000N\000a\000m\000e\000s\000p\000a\000c\000e\000\040\000R\000e\000f\000e\000r\000e\000n\000c\000e}{chapter.4}% 67
\BOOKMARK [1][-]{section.4.21}{\376\377\0004\000.\0002\0001\000\040\000t\000e\000s\000t\000P\000i\000p\000e\000\040\000N\000a\000m\000e\000s\000p\000a\000c\000e\000\040\000R\000e\000f\000e\000r\000e\000n\000c\000e}{chapter.4}% 68
\BOOKMARK [2][-]{subsection.4.21.1}{\376\377\0004\000.\0002\0001\000.\0001\000\040\000V\000a\000r\000i\000a\000b\000l\000e\000\040\000D\000o\000c\000u\000m\000e\000n\000t\000a\000t\000i\000o\000n}{section.4.21}% 69
\BOOKMARK [3][-]{subsubsection.4.21.1.1}{\376\377\0004\000.\0002\0001\000.\0001\000.\0001\000\040\000p\000i\000p\000e\000V\000a\000l\000u\000e}{subsection.4.21.1}% 70
\BOOKMARK [0][-]{chapter.5}{\376\377\0005\000\040\000C\000l\000a\000s\000s\000\040\000D\000o\000c\000u\000m\000e\000n\000t\000a\000t\000i\000o\000n}{}% 71
\BOOKMARK [1][-]{section.5.1}{\376\377\0005\000.\0001\000\040\000C\000o\000n\000s\000u\000m\000e\000r\000.\000C\000o\000n\000s\000u\000m\000e\000r\000\040\000C\000l\000a\000s\000s\000\040\000R\000e\000f\000e\000r\000e\000n\000c\000e}{chapter.5}% 72
\BOOKMARK [2][-]{subsection.5.1.1}{\376\377\0005\000.\0001\000.\0001\000\040\000D\000e\000t\000a\000i\000l\000e\000d\000\040\000D\000e\000s\000c\000r\000i\000p\000t\000i\000o\000n}{section.5.1}% 73
\BOOKMARK [2][-]{subsection.5.1.2}{\376\377\0005\000.\0001\000.\0002\000\040\000C\000o\000n\000s\000t\000r\000u\000c\000t\000o\000r\000\040\000\046\000\040\000D\000e\000s\000t\000r\000u\000c\000t\000o\000r\000\040\000D\000o\000c\000u\000m\000e\000n\000t\000a\000t\000i\000o\000n}{section.5.1}% 74
\BOOKMARK [3][-]{subsubsection.5.1.2.1}{\376\377\0005\000.\0001\000.\0002\000.\0001\000\040\000\137\000\137\000i\000n\000i\000t\000\137\000\137\000\050\000\051}{subsection.5.1.2}% 75
\BOOKMARK [2][-]{subsection.5.1.3}{\376\377\0005\000.\0001\000.\0003\000\040\000M\000e\000m\000b\000e\000r\000\040\000F\000u\000n\000c\000t\000i\000o\000n\000\040\000D\000o\000c\000u\000m\000e\000n\000t\000a\000t\000i\000o\000n}{section.5.1}% 76
\BOOKMARK [3][-]{subsubsection.5.1.3.1}{\376\377\0005\000.\0001\000.\0003\000.\0001\000\040\000h\000e\000a\000t\000\137\000c\000o\000n\000s\000u\000m\000p\000t\000i\000o\000n\000\050\000\051}{subsection.5.1.3}% 77
\BOOKMARK [3][-]{subsubsection.5.1.3.2}{\376\377\0005\000.\0001\000.\0003\000.\0002\000\040\000h\000e\000a\000t\000\137\000c\000o\000n\000s\000u\000m\000p\000t\000i\000o\000n\000A\000v\000e\000r\000a\000g\000e\000\050\000\051}{subsection.5.1.3}% 78
\BOOKMARK [3][-]{subsubsection.5.1.3.3}{\376\377\0005\000.\0001\000.\0003\000.\0003\000\040\000h\000e\000a\000t\000\137\000c\000o\000n\000s\000u\000m\000p\000t\000i\000o\000n\000P\000r\000o\000f\000i\000l\000e\000s\000\050\000\051}{subsection.5.1.3}% 79
\BOOKMARK [2][-]{subsection.5.1.4}{\376\377\0005\000.\0001\000.\0004\000\040\000M\000e\000m\000b\000e\000r\000\040\000D\000a\000t\000a\000\040\000D\000o\000c\000u\000m\000e\000n\000t\000a\000t\000i\000o\000n}{section.5.1}% 80
\BOOKMARK [3][-]{subsubsection.5.1.4.1}{\376\377\0005\000.\0001\000.\0004\000.\0001\000\040\000e\000n\000d\000\137\000n\000o\000d\000e\000\137\000n\000a\000m\000e}{subsection.5.1.4}% 81
\BOOKMARK [3][-]{subsubsection.5.1.4.2}{\376\377\0005\000.\0001\000.\0004\000.\0002\000\040\000e\000n\000d\000\137\000x}{subsection.5.1.4}% 82
\BOOKMARK [3][-]{subsubsection.5.1.4.3}{\376\377\0005\000.\0001\000.\0004\000.\0003\000\040\000e\000n\000d\000\137\000y}{subsection.5.1.4}% 83
\BOOKMARK [3][-]{subsubsection.5.1.4.4}{\376\377\0005\000.\0001\000.\0004\000.\0004\000\040\000h\000e\000a\000t\000\137\000c\000o\000n\000s\000u\000m\000p\000t\000i\000o\000n\000A\000v\000e\000r\000a\000g\000e}{subsection.5.1.4}% 84
\BOOKMARK [3][-]{subsubsection.5.1.4.5}{\376\377\0005\000.\0001\000.\0004\000.\0005\000\040\000h\000e\000a\000t\000\137\000c\000o\000n\000s\000u\000m\000p\000t\000i\000o\000n\000P\000r\000o\000f\000i\000l\000e}{subsection.5.1.4}% 85
\BOOKMARK [3][-]{subsubsection.5.1.4.6}{\376\377\0005\000.\0001\000.\0004\000.\0006\000\040\000h\000e\000a\000t\000\137\000e\000x\000c\000h\000a\000n\000g\000e\000r\000M\000o\000d\000e\000l}{subsection.5.1.4}% 86
\BOOKMARK [3][-]{subsubsection.5.1.4.7}{\376\377\0005\000.\0001\000.\0004\000.\0007\000\040\000i\000n\000d\000e\000x}{subsection.5.1.4}% 87
\BOOKMARK [3][-]{subsubsection.5.1.4.8}{\376\377\0005\000.\0001\000.\0004\000.\0008\000\040\000m\000a\000s\000s\000f\000l\000o\000w}{subsection.5.1.4}% 88
\BOOKMARK [3][-]{subsubsection.5.1.4.9}{\376\377\0005\000.\0001\000.\0004\000.\0009\000\040\000s\000t\000a\000r\000t\000\137\000n\000o\000d\000e\000\137\000n\000a\000m\000e}{subsection.5.1.4}% 89
\BOOKMARK [3][-]{subsubsection.5.1.4.10}{\376\377\0005\000.\0001\000.\0004\000.\0001\0000\000\040\000s\000t\000a\000r\000t\000\137\000x}{subsection.5.1.4}% 90
\BOOKMARK [3][-]{subsubsection.5.1.4.11}{\376\377\0005\000.\0001\000.\0004\000.\0001\0001\000\040\000s\000t\000a\000r\000t\000\137\000y}{subsection.5.1.4}% 91
\BOOKMARK [1][-]{section.5.2}{\376\377\0005\000.\0002\000\040\000D\000a\000t\000a\000I\000O\000.\000D\000a\000t\000a\000I\000O\000\040\000C\000l\000a\000s\000s\000\040\000R\000e\000f\000e\000r\000e\000n\000c\000e}{chapter.5}% 92
\BOOKMARK [2][-]{subsection.5.2.1}{\376\377\0005\000.\0002\000.\0001\000\040\000D\000e\000t\000a\000i\000l\000e\000d\000\040\000D\000e\000s\000c\000r\000i\000p\000t\000i\000o\000n}{section.5.2}% 93
\BOOKMARK [2][-]{subsection.5.2.2}{\376\377\0005\000.\0002\000.\0002\000\040\000C\000o\000n\000s\000t\000r\000u\000c\000t\000o\000r\000\040\000\046\000\040\000D\000e\000s\000t\000r\000u\000c\000t\000o\000r\000\040\000D\000o\000c\000u\000m\000e\000n\000t\000a\000t\000i\000o\000n}{section.5.2}% 94
\BOOKMARK [3][-]{subsubsection.5.2.2.1}{\376\377\0005\000.\0002\000.\0002\000.\0001\000\040\000\137\000\137\000i\000n\000i\000t\000\137\000\137\000\050\000\051}{subsection.5.2.2}% 95
\BOOKMARK [2][-]{subsection.5.2.3}{\376\377\0005\000.\0002\000.\0003\000\040\000M\000e\000m\000b\000e\000r\000\040\000F\000u\000n\000c\000t\000i\000o\000n\000\040\000D\000o\000c\000u\000m\000e\000n\000t\000a\000t\000i\000o\000n}{section.5.2}% 96
\BOOKMARK [3][-]{subsubsection.5.2.3.1}{\376\377\0005\000.\0002\000.\0003\000.\0001\000\040\000e\000x\000p\000o\000r\000t\000C\000S\000V\000\050\000\051}{subsection.5.2.3}% 97
\BOOKMARK [3][-]{subsubsection.5.2.3.2}{\376\377\0005\000.\0002\000.\0003\000.\0002\000\040\000e\000x\000p\000o\000r\000t\000F\000i\000g\000\050\000\051}{subsection.5.2.3}% 98
\BOOKMARK [3][-]{subsubsection.5.2.3.3}{\376\377\0005\000.\0002\000.\0003\000.\0003\000\040\000i\000m\000p\000o\000r\000t\000C\000S\000V\000\050\000\051}{subsection.5.2.3}% 99
\BOOKMARK [3][-]{subsubsection.5.2.3.4}{\376\377\0005\000.\0002\000.\0003\000.\0004\000\040\000i\000m\000p\000o\000r\000t\000D\000B\000F\000\050\000\051}{subsection.5.2.3}% 100
\BOOKMARK [3][-]{subsubsection.5.2.3.5}{\376\377\0005\000.\0002\000.\0003\000.\0005\000\040\000i\000m\000p\000o\000r\000t\000D\000i\000c\000t\000\050\000\051}{subsection.5.2.3}% 101
\BOOKMARK [3][-]{subsubsection.5.2.3.6}{\376\377\0005\000.\0002\000.\0003\000.\0006\000\040\000i\000m\000p\000o\000r\000t\000T\000R\000Y\000\050\000\051}{subsection.5.2.3}% 102
\BOOKMARK [3][-]{subsubsection.5.2.3.7}{\376\377\0005\000.\0002\000.\0003\000.\0007\000\040\000s\000t\000r\0002\000d\000a\000t\000e\000\050\000\051}{subsection.5.2.3}% 103
\BOOKMARK [3][-]{subsubsection.5.2.3.8}{\376\377\0005\000.\0002\000.\0003\000.\0008\000\040\000s\000t\000r\0002\000n\000u\000m\000\050\000\051}{subsection.5.2.3}% 104
\BOOKMARK [3][-]{subsubsection.5.2.3.9}{\376\377\0005\000.\0002\000.\0003\000.\0009\000\040\000s\000t\000r\000p\000d\000a\000t\000e\0002\000n\000u\000m\000\050\000\051}{subsection.5.2.3}% 105
\BOOKMARK [1][-]{section.5.3}{\376\377\0005\000.\0003\000\040\000D\000i\000s\000t\000r\000i\000c\000t\000H\000e\000a\000t\000i\000n\000g\000S\000y\000s\000t\000e\000m\000.\000D\000i\000s\000t\000r\000i\000c\000t\000H\000e\000a\000t\000i\000n\000g\000S\000y\000s\000t\000e\000m\000\040\000C\000l\000a\000s\000s\000\040\000R\000e\000f\000e\000r\000e\000n\000c\000e}{chapter.5}% 106
\BOOKMARK [2][-]{subsection.5.3.1}{\376\377\0005\000.\0003\000.\0001\000\040\000D\000e\000t\000a\000i\000l\000e\000d\000\040\000D\000e\000s\000c\000r\000i\000p\000t\000i\000o\000n}{section.5.3}% 107
\BOOKMARK [2][-]{subsection.5.3.2}{\376\377\0005\000.\0003\000.\0002\000\040\000C\000o\000n\000s\000t\000r\000u\000c\000t\000o\000r\000\040\000\046\000\040\000D\000e\000s\000t\000r\000u\000c\000t\000o\000r\000\040\000D\000o\000c\000u\000m\000e\000n\000t\000a\000t\000i\000o\000n}{section.5.3}% 108
\BOOKMARK [3][-]{subsubsection.5.3.2.1}{\376\377\0005\000.\0003\000.\0002\000.\0001\000\040\000\137\000\137\000i\000n\000i\000t\000\137\000\137\000\050\000\051}{subsection.5.3.2}% 109
\BOOKMARK [2][-]{subsection.5.3.3}{\376\377\0005\000.\0003\000.\0003\000\040\000M\000e\000m\000b\000e\000r\000\040\000F\000u\000n\000c\000t\000i\000o\000n\000\040\000D\000o\000c\000u\000m\000e\000n\000t\000a\000t\000i\000o\000n}{section.5.3}% 110
\BOOKMARK [3][-]{subsubsection.5.3.3.1}{\376\377\0005\000.\0003\000.\0003\000.\0001\000\040\000c\000a\000l\000c\000u\000l\000a\000t\000e\000D\000H\000S\000\050\000\051}{subsection.5.3.3}% 111
\BOOKMARK [2][-]{subsection.5.3.4}{\376\377\0005\000.\0003\000.\0004\000\040\000M\000e\000m\000b\000e\000r\000\040\000D\000a\000t\000a\000\040\000D\000o\000c\000u\000m\000e\000n\000t\000a\000t\000i\000o\000n}{section.5.3}% 112
\BOOKMARK [3][-]{subsubsection.5.3.4.1}{\376\377\0005\000.\0003\000.\0004\000.\0001\000\040\000h\000e\000a\000t\000g\000r\000i\000d}{subsection.5.3.4}% 113
\BOOKMARK [3][-]{subsubsection.5.3.4.2}{\376\377\0005\000.\0003\000.\0004\000.\0002\000\040\000h\000e\000a\000t\000s\000i\000n\000k}{subsection.5.3.4}% 114
\BOOKMARK [3][-]{subsubsection.5.3.4.3}{\376\377\0005\000.\0003\000.\0004\000.\0003\000\040\000h\000e\000a\000t\000s\000o\000u\000r\000c\000e}{subsection.5.3.4}% 115
\BOOKMARK [1][-]{section.5.4}{\376\377\0005\000.\0004\000\040\000H\000e\000a\000t\000E\000x\000c\000h\000a\000n\000g\000e\000r\000.\000H\000e\000a\000t\000E\000x\000c\000h\000a\000n\000g\000e\000r\000\040\000C\000l\000a\000s\000s\000\040\000R\000e\000f\000e\000r\000e\000n\000c\000e}{chapter.5}% 116
\BOOKMARK [2][-]{subsection.5.4.1}{\376\377\0005\000.\0004\000.\0001\000\040\000D\000e\000t\000a\000i\000l\000e\000d\000\040\000D\000e\000s\000c\000r\000i\000p\000t\000i\000o\000n}{section.5.4}% 117
\BOOKMARK [2][-]{subsection.5.4.2}{\376\377\0005\000.\0004\000.\0002\000\040\000C\000o\000n\000s\000t\000r\000u\000c\000t\000o\000r\000\040\000\046\000\040\000D\000e\000s\000t\000r\000u\000c\000t\000o\000r\000\040\000D\000o\000c\000u\000m\000e\000n\000t\000a\000t\000i\000o\000n}{section.5.4}% 118
\BOOKMARK [3][-]{subsubsection.5.4.2.1}{\376\377\0005\000.\0004\000.\0002\000.\0001\000\040\000\137\000\137\000i\000n\000i\000t\000\137\000\137\000\050\000\051}{subsection.5.4.2}% 119
\BOOKMARK [1][-]{section.5.5}{\376\377\0005\000.\0005\000\040\000H\000e\000a\000t\000G\000r\000i\000d\000.\000H\000e\000a\000t\000G\000r\000i\000d\000\040\000C\000l\000a\000s\000s\000\040\000R\000e\000f\000e\000r\000e\000n\000c\000e}{chapter.5}% 120
\BOOKMARK [2][-]{subsection.5.5.1}{\376\377\0005\000.\0005\000.\0001\000\040\000D\000e\000t\000a\000i\000l\000e\000d\000\040\000D\000e\000s\000c\000r\000i\000p\000t\000i\000o\000n}{section.5.5}% 121
\BOOKMARK [2][-]{subsection.5.5.2}{\376\377\0005\000.\0005\000.\0002\000\040\000C\000o\000n\000s\000t\000r\000u\000c\000t\000o\000r\000\040\000\046\000\040\000D\000e\000s\000t\000r\000u\000c\000t\000o\000r\000\040\000D\000o\000c\000u\000m\000e\000n\000t\000a\000t\000i\000o\000n}{section.5.5}% 122
\BOOKMARK [3][-]{subsubsection.5.5.2.1}{\376\377\0005\000.\0005\000.\0002\000.\0001\000\040\000\137\000\137\000i\000n\000i\000t\000\137\000\137\000\050\000\051}{subsection.5.5.2}% 123
\BOOKMARK [2][-]{subsection.5.5.3}{\376\377\0005\000.\0005\000.\0003\000\040\000M\000e\000m\000b\000e\000r\000\040\000F\000u\000n\000c\000t\000i\000o\000n\000\040\000D\000o\000c\000u\000m\000e\000n\000t\000a\000t\000i\000o\000n}{section.5.5}% 124
\BOOKMARK [3][-]{subsubsection.5.5.3.1}{\376\377\0005\000.\0005\000.\0003\000.\0001\000\040\000n\000o\000d\000e\000s\000\050\000\051}{subsection.5.5.3}% 125
\BOOKMARK [3][-]{subsubsection.5.5.3.2}{\376\377\0005\000.\0005\000.\0003\000.\0002\000\040\000p\000i\000p\000e\000s\000\050\000\051}{subsection.5.5.3}% 126
\BOOKMARK [2][-]{subsection.5.5.4}{\376\377\0005\000.\0005\000.\0004\000\040\000M\000e\000m\000b\000e\000r\000\040\000D\000a\000t\000a\000\040\000D\000o\000c\000u\000m\000e\000n\000t\000a\000t\000i\000o\000n}{section.5.5}% 127
\BOOKMARK [3][-]{subsubsection.5.5.4.1}{\376\377\0005\000.\0005\000.\0004\000.\0001\000\040\000n\000o\000d\000e\000s\000\137\000n\000a\000m\000e}{subsection.5.5.4}% 128
\BOOKMARK [1][-]{section.5.6}{\376\377\0005\000.\0006\000\040\000H\000e\000a\000t\000S\000i\000n\000k\000.\000H\000e\000a\000t\000S\000i\000n\000k\000\040\000C\000l\000a\000s\000s\000\040\000R\000e\000f\000e\000r\000e\000n\000c\000e}{chapter.5}% 129
\BOOKMARK [2][-]{subsection.5.6.1}{\376\377\0005\000.\0006\000.\0001\000\040\000D\000e\000t\000a\000i\000l\000e\000d\000\040\000D\000e\000s\000c\000r\000i\000p\000t\000i\000o\000n}{section.5.6}% 130
\BOOKMARK [2][-]{subsection.5.6.2}{\376\377\0005\000.\0006\000.\0002\000\040\000C\000o\000n\000s\000t\000r\000u\000c\000t\000o\000r\000\040\000\046\000\040\000D\000e\000s\000t\000r\000u\000c\000t\000o\000r\000\040\000D\000o\000c\000u\000m\000e\000n\000t\000a\000t\000i\000o\000n}{section.5.6}% 131
\BOOKMARK [3][-]{subsubsection.5.6.2.1}{\376\377\0005\000.\0006\000.\0002\000.\0001\000\040\000\137\000\137\000i\000n\000i\000t\000\137\000\137\000\050\000\051}{subsection.5.6.2}% 132
\BOOKMARK [2][-]{subsection.5.6.3}{\376\377\0005\000.\0006\000.\0003\000\040\000M\000e\000m\000b\000e\000r\000\040\000F\000u\000n\000c\000t\000i\000o\000n\000\040\000D\000o\000c\000u\000m\000e\000n\000t\000a\000t\000i\000o\000n}{section.5.6}% 133
\BOOKMARK [3][-]{subsubsection.5.6.3.1}{\376\377\0005\000.\0006\000.\0003\000.\0001\000\040\000c\000o\000n\000s\000u\000m\000e\000r\000\050\000\051}{subsection.5.6.3}% 134
\BOOKMARK [1][-]{section.5.7}{\376\377\0005\000.\0007\000\040\000H\000e\000a\000t\000S\000i\000n\000k\000\137\000C\000o\000n\000s\000u\000m\000p\000t\000i\000o\000n\000p\000r\000o\000f\000i\000l\000e\000s\000.\000H\000e\000a\000t\000S\000i\000n\000k\000\137\000C\000o\000n\000s\000u\000m\000p\000t\000i\000o\000n\000p\000r\000o\000f\000i\000l\000e\000s\000\040\000C\000l\000a\000s\000s\000\040\000R\000e\000f\000e\000r\000e\000n\000c\000e}{chapter.5}% 135
\BOOKMARK [2][-]{subsection.5.7.1}{\376\377\0005\000.\0007\000.\0001\000\040\000D\000e\000t\000a\000i\000l\000e\000d\000\040\000D\000e\000s\000c\000r\000i\000p\000t\000i\000o\000n}{section.5.7}% 136
\BOOKMARK [2][-]{subsection.5.7.2}{\376\377\0005\000.\0007\000.\0002\000\040\000C\000o\000n\000s\000t\000r\000u\000c\000t\000o\000r\000\040\000\046\000\040\000D\000e\000s\000t\000r\000u\000c\000t\000o\000r\000\040\000D\000o\000c\000u\000m\000e\000n\000t\000a\000t\000i\000o\000n}{section.5.7}% 137
\BOOKMARK [3][-]{subsubsection.5.7.2.1}{\376\377\0005\000.\0007\000.\0002\000.\0001\000\040\000\137\000\137\000i\000n\000i\000t\000\137\000\137\000\050\000\051}{subsection.5.7.2}% 138
\BOOKMARK [2][-]{subsection.5.7.3}{\376\377\0005\000.\0007\000.\0003\000\040\000M\000e\000m\000b\000e\000r\000\040\000F\000u\000n\000c\000t\000i\000o\000n\000\040\000D\000o\000c\000u\000m\000e\000n\000t\000a\000t\000i\000o\000n}{section.5.7}% 139
\BOOKMARK [3][-]{subsubsection.5.7.3.1}{\376\377\0005\000.\0007\000.\0003\000.\0001\000\040\000c\000o\000n\000s\000u\000m\000p\000t\000i\000o\000n\000P\000r\000o\000f\000i\000l\000e\000\050\000\051}{subsection.5.7.3}% 140
\BOOKMARK [3][-]{subsubsection.5.7.3.2}{\376\377\0005\000.\0007\000.\0003\000.\0002\000\040\000d\000a\000t\000e\000\050\000\051}{subsection.5.7.3}% 141
\BOOKMARK [1][-]{section.5.8}{\376\377\0005\000.\0008\000\040\000H\000e\000a\000t\000S\000o\000u\000r\000c\000e\000.\000H\000e\000a\000t\000S\000o\000u\000r\000c\000e\000\040\000C\000l\000a\000s\000s\000\040\000R\000e\000f\000e\000r\000e\000n\000c\000e}{chapter.5}% 142
\BOOKMARK [2][-]{subsection.5.8.1}{\376\377\0005\000.\0008\000.\0001\000\040\000D\000e\000t\000a\000i\000l\000e\000d\000\040\000D\000e\000s\000c\000r\000i\000p\000t\000i\000o\000n}{section.5.8}% 143
\BOOKMARK [2][-]{subsection.5.8.2}{\376\377\0005\000.\0008\000.\0002\000\040\000C\000o\000n\000s\000t\000r\000u\000c\000t\000o\000r\000\040\000\046\000\040\000D\000e\000s\000t\000r\000u\000c\000t\000o\000r\000\040\000D\000o\000c\000u\000m\000e\000n\000t\000a\000t\000i\000o\000n}{section.5.8}% 144
\BOOKMARK [3][-]{subsubsection.5.8.2.1}{\376\377\0005\000.\0008\000.\0002\000.\0001\000\040\000\137\000\137\000i\000n\000i\000t\000\137\000\137\000\050\000\051}{subsection.5.8.2}% 145
\BOOKMARK [2][-]{subsection.5.8.3}{\376\377\0005\000.\0008\000.\0003\000\040\000M\000e\000m\000b\000e\000r\000\040\000F\000u\000n\000c\000t\000i\000o\000n\000\040\000D\000o\000c\000u\000m\000e\000n\000t\000a\000t\000i\000o\000n}{section.5.8}% 146
\BOOKMARK [3][-]{subsubsection.5.8.3.1}{\376\377\0005\000.\0008\000.\0003\000.\0001\000\040\000p\000r\000o\000d\000u\000c\000e\000r\000\050\000\051}{subsection.5.8.3}% 147
\BOOKMARK [1][-]{section.5.9}{\376\377\0005\000.\0009\000\040\000N\000o\000d\000e\000.\000N\000o\000d\000e\000\040\000C\000l\000a\000s\000s\000\040\000R\000e\000f\000e\000r\000e\000n\000c\000e}{chapter.5}% 148
\BOOKMARK [2][-]{subsection.5.9.1}{\376\377\0005\000.\0009\000.\0001\000\040\000D\000e\000t\000a\000i\000l\000e\000d\000\040\000D\000e\000s\000c\000r\000i\000p\000t\000i\000o\000n}{section.5.9}% 149
\BOOKMARK [2][-]{subsection.5.9.2}{\376\377\0005\000.\0009\000.\0002\000\040\000C\000o\000n\000s\000t\000r\000u\000c\000t\000o\000r\000\040\000\046\000\040\000D\000e\000s\000t\000r\000u\000c\000t\000o\000r\000\040\000D\000o\000c\000u\000m\000e\000n\000t\000a\000t\000i\000o\000n}{section.5.9}% 150
\BOOKMARK [3][-]{subsubsection.5.9.2.1}{\376\377\0005\000.\0009\000.\0002\000.\0001\000\040\000\137\000\137\000i\000n\000i\000t\000\137\000\137\000\050\000\051}{subsection.5.9.2}% 151
\BOOKMARK [2][-]{subsection.5.9.3}{\376\377\0005\000.\0009\000.\0003\000\040\000M\000e\000m\000b\000e\000r\000\040\000D\000a\000t\000a\000\040\000D\000o\000c\000u\000m\000e\000n\000t\000a\000t\000i\000o\000n}{section.5.9}% 152
\BOOKMARK [3][-]{subsubsection.5.9.3.1}{\376\377\0005\000.\0009\000.\0003\000.\0001\000\040\000h\000e\000i\000g\000h\000t}{subsection.5.9.3}% 153
\BOOKMARK [3][-]{subsubsection.5.9.3.2}{\376\377\0005\000.\0009\000.\0003\000.\0002\000\040\000i\000n\000d\000e\000x}{subsection.5.9.3}% 154
\BOOKMARK [3][-]{subsubsection.5.9.3.3}{\376\377\0005\000.\0009\000.\0003\000.\0003\000\040\000n\000a\000m\000e}{subsection.5.9.3}% 155
\BOOKMARK [3][-]{subsubsection.5.9.3.4}{\376\377\0005\000.\0009\000.\0003\000.\0004\000\040\000S\000P\000\137\000R\000P}{subsection.5.9.3}% 156
\BOOKMARK [3][-]{subsubsection.5.9.3.5}{\376\377\0005\000.\0009\000.\0003\000.\0005\000\040\000x}{subsection.5.9.3}% 157
\BOOKMARK [3][-]{subsubsection.5.9.3.6}{\376\377\0005\000.\0009\000.\0003\000.\0006\000\040\000y}{subsection.5.9.3}% 158
\BOOKMARK [1][-]{section.5.10}{\376\377\0005\000.\0001\0000\000\040\000P\000i\000p\000e\000.\000P\000i\000p\000e\000\040\000C\000l\000a\000s\000s\000\040\000R\000e\000f\000e\000r\000e\000n\000c\000e}{chapter.5}% 159
\BOOKMARK [2][-]{subsection.5.10.1}{\376\377\0005\000.\0001\0000\000.\0001\000\040\000D\000e\000t\000a\000i\000l\000e\000d\000\040\000D\000e\000s\000c\000r\000i\000p\000t\000i\000o\000n}{section.5.10}% 160
\BOOKMARK [2][-]{subsection.5.10.2}{\376\377\0005\000.\0001\0000\000.\0002\000\040\000C\000o\000n\000s\000t\000r\000u\000c\000t\000o\000r\000\040\000\046\000\040\000D\000e\000s\000t\000r\000u\000c\000t\000o\000r\000\040\000D\000o\000c\000u\000m\000e\000n\000t\000a\000t\000i\000o\000n}{section.5.10}% 161
\BOOKMARK [3][-]{subsubsection.5.10.2.1}{\376\377\0005\000.\0001\0000\000.\0002\000.\0001\000\040\000\137\000\137\000i\000n\000i\000t\000\137\000\137\000\050\000\051}{subsection.5.10.2}% 162
\BOOKMARK [2][-]{subsection.5.10.3}{\376\377\0005\000.\0001\0000\000.\0003\000\040\000M\000e\000m\000b\000e\000r\000\040\000F\000u\000n\000c\000t\000i\000o\000n\000\040\000D\000o\000c\000u\000m\000e\000n\000t\000a\000t\000i\000o\000n}{section.5.10}% 163
\BOOKMARK [3][-]{subsubsection.5.10.3.1}{\376\377\0005\000.\0001\0000\000.\0003\000.\0001\000\040\000e\000n\000d\000\137\000f\000l\000o\000w\000s\000p\000e\000e\000d\000\050\000\051}{subsection.5.10.3}% 164
\BOOKMARK [3][-]{subsubsection.5.10.3.2}{\376\377\0005\000.\0001\0000\000.\0003\000.\0002\000\040\000e\000n\000d\000\137\000p\000r\000e\000s\000s\000u\000r\000e\000\050\000\051}{subsection.5.10.3}% 165
\BOOKMARK [3][-]{subsubsection.5.10.3.3}{\376\377\0005\000.\0001\0000\000.\0003\000.\0003\000\040\000e\000n\000d\000\137\000v\000o\000l\000u\000m\000e\000S\000t\000r\000e\000a\000m\000\050\000\051}{subsection.5.10.3}% 166
\BOOKMARK [3][-]{subsubsection.5.10.3.4}{\376\377\0005\000.\0001\0000\000.\0003\000.\0004\000\040\000g\000e\000t\000H\000e\000a\000t\000f\000l\000o\000w\000\050\000\051}{subsection.5.10.3}% 167
\BOOKMARK [3][-]{subsubsection.5.10.3.5}{\376\377\0005\000.\0001\0000\000.\0003\000.\0005\000\040\000h\000e\000a\000t\000\137\000t\000r\000a\000n\000s\000f\000e\000r\000C\000o\000e\000f\000f\000i\000c\000i\000e\000n\000t\000\050\000\051}{subsection.5.10.3}% 168
\BOOKMARK [3][-]{subsubsection.5.10.3.6}{\376\377\0005\000.\0001\0000\000.\0003\000.\0006\000\040\000h\000e\000a\000t\000l\000o\000s\000s\000\050\000\051}{subsection.5.10.3}% 169
\BOOKMARK [3][-]{subsubsection.5.10.3.7}{\376\377\0005\000.\0001\0000\000.\0003\000.\0007\000\040\000p\000i\000p\000e\000\137\000l\000a\000m\000b\000d\000a\000\050\000\051}{subsection.5.10.3}% 170
\BOOKMARK [3][-]{subsubsection.5.10.3.8}{\376\377\0005\000.\0001\0000\000.\0003\000.\0008\000\040\000p\000r\000e\000s\000s\000u\000r\000e\000\137\000d\000i\000f\000f\000e\000r\000e\000n\000c\000e\000\050\000\051}{subsection.5.10.3}% 171
\BOOKMARK [3][-]{subsubsection.5.10.3.9}{\376\377\0005\000.\0001\0000\000.\0003\000.\0009\000\040\000r\000e\000y\000n\000o\000l\000d\000\050\000\051}{subsection.5.10.3}% 172
\BOOKMARK [3][-]{subsubsection.5.10.3.10}{\376\377\0005\000.\0001\0000\000.\0003\000.\0001\0000\000\040\000s\000e\000t\000H\000e\000a\000t\000f\000l\000o\000w\000\050\000\051}{subsection.5.10.3}% 173
\BOOKMARK [3][-]{subsubsection.5.10.3.11}{\376\377\0005\000.\0001\0000\000.\0003\000.\0001\0001\000\040\000s\000t\000a\000r\000t\000\137\000f\000l\000o\000w\000s\000p\000e\000e\000d\000\050\000\051}{subsection.5.10.3}% 174
\BOOKMARK [3][-]{subsubsection.5.10.3.12}{\376\377\0005\000.\0001\0000\000.\0003\000.\0001\0002\000\040\000v\000o\000l\000u\000m\000e\000\050\000\051}{subsection.5.10.3}% 175
\BOOKMARK [2][-]{subsection.5.10.4}{\376\377\0005\000.\0001\0000\000.\0004\000\040\000M\000e\000m\000b\000e\000r\000\040\000D\000a\000t\000a\000\040\000D\000o\000c\000u\000m\000e\000n\000t\000a\000t\000i\000o\000n}{section.5.10}% 176
\BOOKMARK [3][-]{subsubsection.5.10.4.1}{\376\377\0005\000.\0001\0000\000.\0004\000.\0001\000\040\000a\000m\000b\000i\000e\000n\000t\000\137\000t\000e\000m\000p}{subsection.5.10.4}% 177
\BOOKMARK [3][-]{subsubsection.5.10.4.2}{\376\377\0005\000.\0001\0000\000.\0004\000.\0002\000\040\000d\000i\000a\000m\000e\000t\000e\000r\000\137\000i\000n\000n\000e\000r}{subsection.5.10.4}% 178
\BOOKMARK [3][-]{subsubsection.5.10.4.3}{\376\377\0005\000.\0001\0000\000.\0004\000.\0003\000\040\000d\000i\000a\000m\000e\000t\000e\000r\000\137\000o\000u\000t\000e\000r}{subsection.5.10.4}% 179
\BOOKMARK [3][-]{subsubsection.5.10.4.4}{\376\377\0005\000.\0001\0000\000.\0004\000.\0004\000\040\000e\000n\000d\000\137\000h\000e\000i\000g\000h\000t}{subsection.5.10.4}% 180
\BOOKMARK [3][-]{subsubsection.5.10.4.5}{\376\377\0005\000.\0001\0000\000.\0004\000.\0005\000\040\000e\000n\000d\000\137\000n\000o\000d\000e\000\137\000n\000a\000m\000e}{subsection.5.10.4}% 181
\BOOKMARK [3][-]{subsubsection.5.10.4.6}{\376\377\0005\000.\0001\0000\000.\0004\000.\0006\000\040\000e\000n\000d\000\137\000x}{subsection.5.10.4}% 182
\BOOKMARK [3][-]{subsubsection.5.10.4.7}{\376\377\0005\000.\0001\0000\000.\0004\000.\0007\000\040\000e\000n\000d\000\137\000y}{subsection.5.10.4}% 183
\BOOKMARK [3][-]{subsubsection.5.10.4.8}{\376\377\0005\000.\0001\0000\000.\0004\000.\0008\000\040\000f\000l\000u\000i\000d\000\137\000t\000e\000m\000p}{subsection.5.10.4}% 184
\BOOKMARK [3][-]{subsubsection.5.10.4.9}{\376\377\0005\000.\0001\0000\000.\0004\000.\0009\000\040\000h\000e\000a\000t\000T\000r\000a\000n\000s\000i\000t\000i\000o\000n\000C\000o\000e\000f\000f\000i\000c\000i\000e\000n\000t}{subsection.5.10.4}% 185
\BOOKMARK [3][-]{subsubsection.5.10.4.10}{\376\377\0005\000.\0001\0000\000.\0004\000.\0001\0000\000\040\000i\000n\000d\000e\000x}{subsection.5.10.4}% 186
\BOOKMARK [3][-]{subsubsection.5.10.4.11}{\376\377\0005\000.\0001\0000\000.\0004\000.\0001\0001\000\040\000l\000e\000n\000g\000t\000h}{subsection.5.10.4}% 187
\BOOKMARK [3][-]{subsubsection.5.10.4.12}{\376\377\0005\000.\0001\0000\000.\0004\000.\0001\0002\000\040\000r\000o\000u\000g\000h\000n\000e\000s\000s}{subsection.5.10.4}% 188
\BOOKMARK [3][-]{subsubsection.5.10.4.13}{\376\377\0005\000.\0001\0000\000.\0004\000.\0001\0003\000\040\000S\000P\000\137\000R\000P}{subsection.5.10.4}% 189
\BOOKMARK [3][-]{subsubsection.5.10.4.14}{\376\377\0005\000.\0001\0000\000.\0004\000.\0001\0004\000\040\000s\000t\000a\000r\000t\000\137\000h\000e\000i\000g\000h\000t}{subsection.5.10.4}% 190
\BOOKMARK [3][-]{subsubsection.5.10.4.15}{\376\377\0005\000.\0001\0000\000.\0004\000.\0001\0005\000\040\000s\000t\000a\000r\000t\000\137\000n\000o\000d\000e\000\137\000n\000a\000m\000e}{subsection.5.10.4}% 191
\BOOKMARK [3][-]{subsubsection.5.10.4.16}{\376\377\0005\000.\0001\0000\000.\0004\000.\0001\0006\000\040\000s\000t\000a\000r\000t\000\137\000x}{subsection.5.10.4}% 192
\BOOKMARK [3][-]{subsubsection.5.10.4.17}{\376\377\0005\000.\0001\0000\000.\0004\000.\0001\0007\000\040\000s\000t\000a\000r\000t\000\137\000y}{subsection.5.10.4}% 193
\BOOKMARK [1][-]{section.5.11}{\376\377\0005\000.\0001\0001\000\040\000P\000r\000o\000d\000u\000c\000e\000r\000.\000P\000r\000o\000d\000u\000c\000e\000r\000\040\000C\000l\000a\000s\000s\000\040\000R\000e\000f\000e\000r\000e\000n\000c\000e}{chapter.5}% 194
\BOOKMARK [2][-]{subsection.5.11.1}{\376\377\0005\000.\0001\0001\000.\0001\000\040\000D\000e\000t\000a\000i\000l\000e\000d\000\040\000D\000e\000s\000c\000r\000i\000p\000t\000i\000o\000n}{section.5.11}% 195
\BOOKMARK [2][-]{subsection.5.11.2}{\376\377\0005\000.\0001\0001\000.\0002\000\040\000C\000o\000n\000s\000t\000r\000u\000c\000t\000o\000r\000\040\000\046\000\040\000D\000e\000s\000t\000r\000u\000c\000t\000o\000r\000\040\000D\000o\000c\000u\000m\000e\000n\000t\000a\000t\000i\000o\000n}{section.5.11}% 196
\BOOKMARK [3][-]{subsubsection.5.11.2.1}{\376\377\0005\000.\0001\0001\000.\0002\000.\0001\000\040\000\137\000\137\000i\000n\000i\000t\000\137\000\137\000\050\000\051}{subsection.5.11.2}% 197
\BOOKMARK [2][-]{subsection.5.11.3}{\376\377\0005\000.\0001\0001\000.\0003\000\040\000M\000e\000m\000b\000e\000r\000\040\000D\000a\000t\000a\000\040\000D\000o\000c\000u\000m\000e\000n\000t\000a\000t\000i\000o\000n}{section.5.11}% 198
\BOOKMARK [3][-]{subsubsection.5.11.3.1}{\376\377\0005\000.\0001\0001\000.\0003\000.\0001\000\040\000e\000n\000d\000\137\000n\000o\000d\000e\000\137\000n\000a\000m\000e}{subsection.5.11.3}% 199
\BOOKMARK [3][-]{subsubsection.5.11.3.2}{\376\377\0005\000.\0001\0001\000.\0003\000.\0002\000\040\000n\000a\000m\000e}{subsection.5.11.3}% 200
\BOOKMARK [3][-]{subsubsection.5.11.3.3}{\376\377\0005\000.\0001\0001\000.\0003\000.\0003\000\040\000p\000o\000w\000e\000r}{subsection.5.11.3}% 201
\BOOKMARK [3][-]{subsubsection.5.11.3.4}{\376\377\0005\000.\0001\0001\000.\0003\000.\0004\000\040\000s\000t\000a\000r\000t\000\137\000n\000o\000d\000e\000\137\000n\000a\000m\000e}{subsection.5.11.3}% 202
\BOOKMARK [1][-]{section.5.12}{\376\377\0005\000.\0001\0002\000\040\000P\000u\000m\000p\000.\000P\000u\000m\000p\000\040\000C\000l\000a\000s\000s\000\040\000R\000e\000f\000e\000r\000e\000n\000c\000e}{chapter.5}% 203
\BOOKMARK [2][-]{subsection.5.12.1}{\376\377\0005\000.\0001\0002\000.\0001\000\040\000D\000e\000t\000a\000i\000l\000e\000d\000\040\000D\000e\000s\000c\000r\000i\000p\000t\000i\000o\000n}{section.5.12}% 204
\BOOKMARK [2][-]{subsection.5.12.2}{\376\377\0005\000.\0001\0002\000.\0002\000\040\000C\000o\000n\000s\000t\000r\000u\000c\000t\000o\000r\000\040\000\046\000\040\000D\000e\000s\000t\000r\000u\000c\000t\000o\000r\000\040\000D\000o\000c\000u\000m\000e\000n\000t\000a\000t\000i\000o\000n}{section.5.12}% 205
\BOOKMARK [3][-]{subsubsection.5.12.2.1}{\376\377\0005\000.\0001\0002\000.\0002\000.\0001\000\040\000\137\000\137\000i\000n\000i\000t\000\137\000\137\000\050\000\051}{subsection.5.12.2}% 206
\BOOKMARK [2][-]{subsection.5.12.3}{\376\377\0005\000.\0001\0002\000.\0003\000\040\000M\000e\000m\000b\000e\000r\000\040\000D\000a\000t\000a\000\040\000D\000o\000c\000u\000m\000e\000n\000t\000a\000t\000i\000o\000n}{section.5.12}% 207
\BOOKMARK [3][-]{subsubsection.5.12.3.1}{\376\377\0005\000.\0001\0002\000.\0003\000.\0001\000\040\000e\000n\000d\000\137\000n\000o\000d\000e\000\137\000n\000a\000m\000e}{subsection.5.12.3}% 208
\BOOKMARK [3][-]{subsubsection.5.12.3.2}{\376\377\0005\000.\0001\0002\000.\0003\000.\0002\000\040\000i\000n\000d\000e\000x}{subsection.5.12.3}% 209
\BOOKMARK [3][-]{subsubsection.5.12.3.3}{\376\377\0005\000.\0001\0002\000.\0003\000.\0003\000\040\000p\000r\000o\000f\000i\000l}{subsection.5.12.3}% 210
\BOOKMARK [3][-]{subsubsection.5.12.3.4}{\376\377\0005\000.\0001\0002\000.\0003\000.\0004\000\040\000s\000t\000a\000r\000t\000\137\000n\000o\000d\000e\000\137\000n\000a\000m\000e}{subsection.5.12.3}% 211
\BOOKMARK [1][-]{section.5.13}{\376\377\0005\000.\0001\0003\000\040\000t\000e\000s\000t\000.\000t\000e\000s\000t\000\040\000C\000l\000a\000s\000s\000\040\000R\000e\000f\000e\000r\000e\000n\000c\000e}{chapter.5}% 212
\BOOKMARK [2][-]{subsection.5.13.1}{\376\377\0005\000.\0001\0003\000.\0001\000\040\000D\000e\000t\000a\000i\000l\000e\000d\000\040\000D\000e\000s\000c\000r\000i\000p\000t\000i\000o\000n}{section.5.13}% 213
\BOOKMARK [2][-]{subsection.5.13.2}{\376\377\0005\000.\0001\0003\000.\0002\000\040\000C\000o\000n\000s\000t\000r\000u\000c\000t\000o\000r\000\040\000\046\000\040\000D\000e\000s\000t\000r\000u\000c\000t\000o\000r\000\040\000D\000o\000c\000u\000m\000e\000n\000t\000a\000t\000i\000o\000n}{section.5.13}% 214
\BOOKMARK [3][-]{subsubsection.5.13.2.1}{\376\377\0005\000.\0001\0003\000.\0002\000.\0001\000\040\000\137\000\137\000i\000n\000i\000t\000\137\000\137\000\050\000\051}{subsection.5.13.2}% 215
\BOOKMARK [2][-]{subsection.5.13.3}{\376\377\0005\000.\0001\0003\000.\0003\000\040\000M\000e\000m\000b\000e\000r\000\040\000F\000u\000n\000c\000t\000i\000o\000n\000\040\000D\000o\000c\000u\000m\000e\000n\000t\000a\000t\000i\000o\000n}{section.5.13}% 216
\BOOKMARK [3][-]{subsubsection.5.13.3.1}{\376\377\0005\000.\0001\0003\000.\0003\000.\0001\000\040\000w\000a\000s\000\050\000\051}{subsection.5.13.3}% 217
\BOOKMARK [0][-]{chapter.6}{\376\377\0006\000\040\000F\000i\000l\000e\000\040\000D\000o\000c\000u\000m\000e\000n\000t\000a\000t\000i\000o\000n}{}% 218
\BOOKMARK [1][-]{section.6.1}{\376\377\0006\000.\0001\000\040\000C\000:\000/\000U\000s\000e\000r\000s\000/\000j\000p\000e\000l\000d\000a\000/\000D\000o\000c\000u\000m\000e\000n\000t\000s\000/\000G\000i\000t\000H\000u\000b\000/\000d\000i\000s\000t\000r\000i\000c\000t\000H\000e\000a\000t\000i\000n\000g\000/\000c\000l\000a\000s\000s\000/\000C\000o\000n\000s\000u\000m\000e\000r\000.\000p\000y\000\040\000F\000i\000l\000e\000\040\000R\000e\000f\000e\000r\000e\000n\000c\000e}{chapter.6}% 219
\BOOKMARK [1][-]{section.6.2}{\376\377\0006\000.\0002\000\040\000C\000:\000/\000U\000s\000e\000r\000s\000/\000j\000p\000e\000l\000d\000a\000/\000D\000o\000c\000u\000m\000e\000n\000t\000s\000/\000G\000i\000t\000H\000u\000b\000/\000d\000i\000s\000t\000r\000i\000c\000t\000H\000e\000a\000t\000i\000n\000g\000/\000c\000l\000a\000s\000s\000/\000D\000a\000t\000a\000I\000O\000.\000p\000y\000\040\000F\000i\000l\000e\000\040\000R\000e\000f\000e\000r\000e\000n\000c\000e}{chapter.6}% 220
\BOOKMARK [1][-]{section.6.3}{\376\377\0006\000.\0003\000\040\000C\000:\000/\000U\000s\000e\000r\000s\000/\000j\000p\000e\000l\000d\000a\000/\000D\000o\000c\000u\000m\000e\000n\000t\000s\000/\000G\000i\000t\000H\000u\000b\000/\000d\000i\000s\000t\000r\000i\000c\000t\000H\000e\000a\000t\000i\000n\000g\000/\000c\000l\000a\000s\000s\000/\000D\000a\000t\000a\000I\000O\000/\000i\000m\000p\000o\000r\000t\000D\000B\000F\000f\000r\000o\000m\000S\000T\000A\000N\000E\000T\000.\000p\000y\000\040\000F\000i\000l\000e\000\040\000R\000e\000f\000e\000r\000e\000n\000c\000e}{chapter.6}% 221
\BOOKMARK [1][-]{section.6.4}{\376\377\0006\000.\0004\000\040\000C\000:\000/\000U\000s\000e\000r\000s\000/\000j\000p\000e\000l\000d\000a\000/\000D\000o\000c\000u\000m\000e\000n\000t\000s\000/\000G\000i\000t\000H\000u\000b\000/\000d\000i\000s\000t\000r\000i\000c\000t\000H\000e\000a\000t\000i\000n\000g\000/\000c\000l\000a\000s\000s\000/\000D\000i\000c\000t\000i\000o\000n\000a\000r\000y\000.\000p\000y\000\040\000F\000i\000l\000e\000\040\000R\000e\000f\000e\000r\000e\000n\000c\000e}{chapter.6}% 222
\BOOKMARK [1][-]{section.6.5}{\376\377\0006\000.\0005\000\040\000C\000:\000/\000U\000s\000e\000r\000s\000/\000j\000p\000e\000l\000d\000a\000/\000D\000o\000c\000u\000m\000e\000n\000t\000s\000/\000G\000i\000t\000H\000u\000b\000/\000d\000i\000s\000t\000r\000i\000c\000t\000H\000e\000a\000t\000i\000n\000g\000/\000c\000l\000a\000s\000s\000/\000D\000i\000s\000t\000r\000i\000c\000t\000H\000e\000a\000t\000i\000n\000g\000S\000y\000s\000t\000e\000m\000.\000p\000y\000\040\000F\000i\000l\000e\000\040\000R\000e\000f\000e\000r\000e\000n\000c\000e}{chapter.6}% 223
\BOOKMARK [1][-]{section.6.6}{\376\377\0006\000.\0006\000\040\000C\000:\000/\000U\000s\000e\000r\000s\000/\000j\000p\000e\000l\000d\000a\000/\000D\000o\000c\000u\000m\000e\000n\000t\000s\000/\000G\000i\000t\000H\000u\000b\000/\000d\000i\000s\000t\000r\000i\000c\000t\000H\000e\000a\000t\000i\000n\000g\000/\000c\000l\000a\000s\000s\000/\000f\000u\000n\000c\000t\000i\000o\000n\000.\000p\000y\000\040\000F\000i\000l\000e\000\040\000R\000e\000f\000e\000r\000e\000n\000c\000e}{chapter.6}% 224
\BOOKMARK [1][-]{section.6.7}{\376\377\0006\000.\0007\000\040\000C\000:\000/\000U\000s\000e\000r\000s\000/\000j\000p\000e\000l\000d\000a\000/\000D\000o\000c\000u\000m\000e\000n\000t\000s\000/\000G\000i\000t\000H\000u\000b\000/\000d\000i\000s\000t\000r\000i\000c\000t\000H\000e\000a\000t\000i\000n\000g\000/\000c\000l\000a\000s\000s\000/\000H\000e\000a\000t\000E\000x\000c\000h\000a\000n\000g\000e\000r\000.\000p\000y\000\040\000F\000i\000l\000e\000\040\000R\000e\000f\000e\000r\000e\000n\000c\000e}{chapter.6}% 225
\BOOKMARK [1][-]{section.6.8}{\376\377\0006\000.\0008\000\040\000C\000:\000/\000U\000s\000e\000r\000s\000/\000j\000p\000e\000l\000d\000a\000/\000D\000o\000c\000u\000m\000e\000n\000t\000s\000/\000G\000i\000t\000H\000u\000b\000/\000d\000i\000s\000t\000r\000i\000c\000t\000H\000e\000a\000t\000i\000n\000g\000/\000c\000l\000a\000s\000s\000/\000H\000e\000a\000t\000G\000r\000i\000d\000.\000p\000y\000\040\000F\000i\000l\000e\000\040\000R\000e\000f\000e\000r\000e\000n\000c\000e}{chapter.6}% 226
\BOOKMARK [1][-]{section.6.9}{\376\377\0006\000.\0009\000\040\000C\000:\000/\000U\000s\000e\000r\000s\000/\000j\000p\000e\000l\000d\000a\000/\000D\000o\000c\000u\000m\000e\000n\000t\000s\000/\000G\000i\000t\000H\000u\000b\000/\000d\000i\000s\000t\000r\000i\000c\000t\000H\000e\000a\000t\000i\000n\000g\000/\000c\000l\000a\000s\000s\000/\000H\000e\000a\000t\000S\000i\000n\000k\000.\000p\000y\000\040\000F\000i\000l\000e\000\040\000R\000e\000f\000e\000r\000e\000n\000c\000e}{chapter.6}% 227
\BOOKMARK [1][-]{section.6.10}{\376\377\0006\000.\0001\0000\000\040\000C\000:\000/\000U\000s\000e\000r\000s\000/\000j\000p\000e\000l\000d\000a\000/\000D\000o\000c\000u\000m\000e\000n\000t\000s\000/\000G\000i\000t\000H\000u\000b\000/\000d\000i\000s\000t\000r\000i\000c\000t\000H\000e\000a\000t\000i\000n\000g\000/\000c\000l\000a\000s\000s\000/\000H\000e\000a\000t\000S\000i\000n\000k\000\137\000C\000o\000n\000s\000u\000m\000p\000t\000i\000o\000n\000p\000r\000o\000f\000i\000l\000e\000s\000.\000p\000y\000\040\000F\000i\000l\000e\000\040\000R\000e\000f\000e\000r\000e\000n\000c\000e}{chapter.6}% 228
\BOOKMARK [1][-]{section.6.11}{\376\377\0006\000.\0001\0001\000\040\000C\000:\000/\000U\000s\000e\000r\000s\000/\000j\000p\000e\000l\000d\000a\000/\000D\000o\000c\000u\000m\000e\000n\000t\000s\000/\000G\000i\000t\000H\000u\000b\000/\000d\000i\000s\000t\000r\000i\000c\000t\000H\000e\000a\000t\000i\000n\000g\000/\000c\000l\000a\000s\000s\000/\000H\000e\000a\000t\000S\000o\000u\000r\000c\000e\000.\000p\000y\000\040\000F\000i\000l\000e\000\040\000R\000e\000f\000e\000r\000e\000n\000c\000e}{chapter.6}% 229
\BOOKMARK [1][-]{section.6.12}{\376\377\0006\000.\0001\0002\000\040\000C\000:\000/\000U\000s\000e\000r\000s\000/\000j\000p\000e\000l\000d\000a\000/\000D\000o\000c\000u\000m\000e\000n\000t\000s\000/\000G\000i\000t\000H\000u\000b\000/\000d\000i\000s\000t\000r\000i\000c\000t\000H\000e\000a\000t\000i\000n\000g\000/\000c\000l\000a\000s\000s\000/\000N\000o\000d\000e\000.\000p\000y\000\040\000F\000i\000l\000e\000\040\000R\000e\000f\000e\000r\000e\000n\000c\000e}{chapter.6}% 230
\BOOKMARK [1][-]{section.6.13}{\376\377\0006\000.\0001\0003\000\040\000C\000:\000/\000U\000s\000e\000r\000s\000/\000j\000p\000e\000l\000d\000a\000/\000D\000o\000c\000u\000m\000e\000n\000t\000s\000/\000G\000i\000t\000H\000u\000b\000/\000d\000i\000s\000t\000r\000i\000c\000t\000H\000e\000a\000t\000i\000n\000g\000/\000c\000l\000a\000s\000s\000/\000P\000i\000p\000e\000.\000p\000y\000\040\000F\000i\000l\000e\000\040\000R\000e\000f\000e\000r\000e\000n\000c\000e}{chapter.6}% 231
\BOOKMARK [1][-]{section.6.14}{\376\377\0006\000.\0001\0004\000\040\000C\000:\000/\000U\000s\000e\000r\000s\000/\000j\000p\000e\000l\000d\000a\000/\000D\000o\000c\000u\000m\000e\000n\000t\000s\000/\000G\000i\000t\000H\000u\000b\000/\000d\000i\000s\000t\000r\000i\000c\000t\000H\000e\000a\000t\000i\000n\000g\000/\000c\000l\000a\000s\000s\000/\000P\000r\000o\000d\000u\000c\000e\000r\000.\000p\000y\000\040\000F\000i\000l\000e\000\040\000R\000e\000f\000e\000r\000e\000n\000c\000e}{chapter.6}% 232
\BOOKMARK [1][-]{section.6.15}{\376\377\0006\000.\0001\0005\000\040\000C\000:\000/\000U\000s\000e\000r\000s\000/\000j\000p\000e\000l\000d\000a\000/\000D\000o\000c\000u\000m\000e\000n\000t\000s\000/\000G\000i\000t\000H\000u\000b\000/\000d\000i\000s\000t\000r\000i\000c\000t\000H\000e\000a\000t\000i\000n\000g\000/\000c\000l\000a\000s\000s\000/\000P\000u\000m\000p\000.\000p\000y\000\040\000F\000i\000l\000e\000\040\000R\000e\000f\000e\000r\000e\000n\000c\000e}{chapter.6}% 233
\BOOKMARK [1][-]{section.6.16}{\376\377\0006\000.\0001\0006\000\040\000C\000:\000/\000U\000s\000e\000r\000s\000/\000j\000p\000e\000l\000d\000a\000/\000D\000o\000c\000u\000m\000e\000n\000t\000s\000/\000G\000i\000t\000H\000u\000b\000/\000d\000i\000s\000t\000r\000i\000c\000t\000H\000e\000a\000t\000i\000n\000g\000/\000c\000l\000a\000s\000s\000/\000t\000e\000s\000t\000.\000p\000y\000\040\000F\000i\000l\000e\000\040\000R\000e\000f\000e\000r\000e\000n\000c\000e}{chapter.6}% 234
\BOOKMARK [1][-]{section.6.17}{\376\377\0006\000.\0001\0007\000\040\000C\000:\000/\000U\000s\000e\000r\000s\000/\000j\000p\000e\000l\000d\000a\000/\000D\000o\000c\000u\000m\000e\000n\000t\000s\000/\000G\000i\000t\000H\000u\000b\000/\000d\000i\000s\000t\000r\000i\000c\000t\000H\000e\000a\000t\000i\000n\000g\000/\000f\000u\000n\000c\000t\000i\000o\000n\000/\000d\000b\000f\000I\000n\000p\000u\000t\000S\000t\000a\000n\000e\000t\000.\000p\000y\000\040\000F\000i\000l\000e\000\040\000R\000e\000f\000e\000r\000e\000n\000c\000e}{chapter.6}% 235
\BOOKMARK [1][-]{section.6.18}{\376\377\0006\000.\0001\0008\000\040\000C\000:\000/\000U\000s\000e\000r\000s\000/\000j\000p\000e\000l\000d\000a\000/\000D\000o\000c\000u\000m\000e\000n\000t\000s\000/\000G\000i\000t\000H\000u\000b\000/\000d\000i\000s\000t\000r\000i\000c\000t\000H\000e\000a\000t\000i\000n\000g\000/\000f\000u\000n\000c\000t\000i\000o\000n\000/\000i\000n\000z\000i\000d\000e\000n\000z\000m\000a\000t\000r\000i\000x\000.\000p\000y\000\040\000F\000i\000l\000e\000\040\000R\000e\000f\000e\000r\000e\000n\000c\000e}{chapter.6}% 236
\BOOKMARK [1][-]{section.6.19}{\376\377\0006\000.\0001\0009\000\040\000C\000:\000/\000U\000s\000e\000r\000s\000/\000j\000p\000e\000l\000d\000a\000/\000D\000o\000c\000u\000m\000e\000n\000t\000s\000/\000G\000i\000t\000H\000u\000b\000/\000d\000i\000s\000t\000r\000i\000c\000t\000H\000e\000a\000t\000i\000n\000g\000/\000f\000u\000n\000c\000t\000i\000o\000n\000/\000S\000T\000A\000N\000E\000T\000\137\000D\000B\000F\000t\000o\000C\000l\000a\000s\000s\000.\000p\000y\000\040\000F\000i\000l\000e\000\040\000R\000e\000f\000e\000r\000e\000n\000c\000e}{chapter.6}% 237
\BOOKMARK [1][-]{section.6.20}{\376\377\0006\000.\0002\0000\000\040\000C\000:\000/\000U\000s\000e\000r\000s\000/\000j\000p\000e\000l\000d\000a\000/\000D\000o\000c\000u\000m\000e\000n\000t\000s\000/\000G\000i\000t\000H\000u\000b\000/\000d\000i\000s\000t\000r\000i\000c\000t\000H\000e\000a\000t\000i\000n\000g\000/\000M\000a\000i\000n\000.\000p\000y\000\040\000F\000i\000l\000e\000\040\000R\000e\000f\000e\000r\000e\000n\000c\000e}{chapter.6}% 238
\BOOKMARK [1][-]{section.6.21}{\376\377\0006\000.\0002\0001\000\040\000C\000:\000/\000U\000s\000e\000r\000s\000/\000j\000p\000e\000l\000d\000a\000/\000D\000o\000c\000u\000m\000e\000n\000t\000s\000/\000G\000i\000t\000H\000u\000b\000/\000d\000i\000s\000t\000r\000i\000c\000t\000H\000e\000a\000t\000i\000n\000g\000/\000t\000e\000s\000t\000/\000t\000e\000s\000t\000P\000i\000p\000e\000.\000p\000y\000\040\000F\000i\000l\000e\000\040\000R\000e\000f\000e\000r\000e\000n\000c\000e}{chapter.6}% 239
